{
  level: 'error',
  message: 'Failed to connect database  The `uri` parameter to `openUri()` must be a string, got "undefined". Make sure the first parameter to `mongoose.connect()` or `mongoose.createConnection()` is a string.',
  stack: 'MongooseError: The `uri` parameter to `openUri()` must be a string, got "undefined". Make sure the first parameter to `mongoose.connect()` or `mongoose.createConnection()` is a string.\n' +
    '    at _createMongoClient (H:\\ProgrammingHero level 2\\universityProject_management\\university-management-server\\node_modules\\mongoose\\lib\\connection.js:805:11)\n' +
    '    at NativeConnection.openUri (H:\\ProgrammingHero level 2\\universityProject_management\\university-management-server\\node_modules\\mongoose\\lib\\connection.js:742:29)\n' +
    '    at Mongoose.connect (H:\\ProgrammingHero level 2\\universityProject_management\\university-management-server\\node_modules\\mongoose\\lib\\index.js:406:15)\n' +
    '    at H:\\ProgrammingHero level 2\\universityProject_management\\university-management-server\\src\\server.ts:17:20\n' +
    '    at Generator.next (<anonymous>)\n' +
    '    at H:\\ProgrammingHero level 2\\universityProject_management\\university-management-server\\src\\server.ts:8:71\n' +
    '    at new Promise (<anonymous>)\n' +
    '    at __awaiter (H:\\ProgrammingHero level 2\\universityProject_management\\university-management-server\\src\\server.ts:4:12)\n' +
    '    at main (H:\\ProgrammingHero level 2\\universityProject_management\\university-management-server\\src\\server.ts:26:12)\n' +
    '    at Object.<anonymous> (H:\\ProgrammingHero level 2\\universityProject_management\\university-management-server\\src\\server.ts:42:1)',
  label: 'Uivarsity Management',
  timestamp: '2023-06-18T19:12:23.805Z'
}
{
  level: 'error',
  message: 'Failed to connect database  The `uri` parameter to `openUri()` must be a string, got "undefined". Make sure the first parameter to `mongoose.connect()` or `mongoose.createConnection()` is a string.',
  stack: 'MongooseError: The `uri` parameter to `openUri()` must be a string, got "undefined". Make sure the first parameter to `mongoose.connect()` or `mongoose.createConnection()` is a string.\n' +
    '    at _createMongoClient (H:\\ProgrammingHero level 2\\universityProject_management\\university-management-server\\node_modules\\mongoose\\lib\\connection.js:805:11)\n' +
    '    at NativeConnection.openUri (H:\\ProgrammingHero level 2\\universityProject_management\\university-management-server\\node_modules\\mongoose\\lib\\connection.js:742:29)\n' +
    '    at Mongoose.connect (H:\\ProgrammingHero level 2\\universityProject_management\\university-management-server\\node_modules\\mongoose\\lib\\index.js:406:15)\n' +
    '    at H:\\ProgrammingHero level 2\\universityProject_management\\university-management-server\\src\\server.ts:17:20\n' +
    '    at Generator.next (<anonymous>)\n' +
    '    at H:\\ProgrammingHero level 2\\universityProject_management\\university-management-server\\src\\server.ts:8:71\n' +
    '    at new Promise (<anonymous>)\n' +
    '    at __awaiter (H:\\ProgrammingHero level 2\\universityProject_management\\university-management-server\\src\\server.ts:4:12)\n' +
    '    at main (H:\\ProgrammingHero level 2\\universityProject_management\\university-management-server\\src\\server.ts:26:12)\n' +
    '    at Object.<anonymous> (H:\\ProgrammingHero level 2\\universityProject_management\\university-management-server\\src\\server.ts:43:1)',
  label: 'Uivarsity Management',
  timestamp: '2023-06-18T19:13:54.336Z'
}
{
  level: 'error',
  message: 'Failed to connect database  The `uri` parameter to `openUri()` must be a string, got "undefined". Make sure the first parameter to `mongoose.connect()` or `mongoose.createConnection()` is a string.',
  stack: 'MongooseError: The `uri` parameter to `openUri()` must be a string, got "undefined". Make sure the first parameter to `mongoose.connect()` or `mongoose.createConnection()` is a string.\n' +
    '    at _createMongoClient (H:\\ProgrammingHero level 2\\universityProject_management\\university-management-server\\node_modules\\mongoose\\lib\\connection.js:805:11)\n' +
    '    at NativeConnection.openUri (H:\\ProgrammingHero level 2\\universityProject_management\\university-management-server\\node_modules\\mongoose\\lib\\connection.js:742:29)\n' +
    '    at Mongoose.connect (H:\\ProgrammingHero level 2\\universityProject_management\\university-management-server\\node_modules\\mongoose\\lib\\index.js:406:15)\n' +
    '    at H:\\ProgrammingHero level 2\\universityProject_management\\university-management-server\\src\\server.ts:17:20\n' +
    '    at Generator.next (<anonymous>)\n' +
    '    at H:\\ProgrammingHero level 2\\universityProject_management\\university-management-server\\src\\server.ts:8:71\n' +
    '    at new Promise (<anonymous>)\n' +
    '    at __awaiter (H:\\ProgrammingHero level 2\\universityProject_management\\university-management-server\\src\\server.ts:4:12)\n' +
    '    at main (H:\\ProgrammingHero level 2\\universityProject_management\\university-management-server\\src\\server.ts:26:12)\n' +
    '    at Object.<anonymous> (H:\\ProgrammingHero level 2\\universityProject_management\\university-management-server\\src\\server.ts:43:1)',
  label: 'Uivarsity Management',
  timestamp: '2023-06-18T19:17:16.077Z'
}
