{
  message: 'Database connected successfully',
  level: 'info',
  label: 'Uivarsity Management',
  timestamp: '2023-07-03T13:13:12.423Z'
}
{
  message: 'University management server running port:  5000',
  level: 'info',
  label: 'Uivarsity Management',
  timestamp: '2023-07-03T13:13:12.438Z'
}
{
  message: 'Database connected successfully',
  level: 'info',
  label: 'Uivarsity Management',
  timestamp: '2023-07-03T13:30:42.337Z'
}
{
  message: 'University management server running port:  5000',
  level: 'info',
  label: 'Uivarsity Management',
  timestamp: '2023-07-03T13:30:42.363Z'
}
