{
  message: 'Database connected successfully',
  level: 'info',
  label: 'Uivarsity Management',
  timestamp: '2023-06-10T07:05:59.412Z'
}
{
  message: 'University management server running port:  5000',
  level: 'info',
  label: 'Uivarsity Management',
  timestamp: '2023-06-10T07:05:59.424Z'
}
{
  message: 'Database connected successfully',
  level: 'info',
  label: 'Uivarsity Management',
  timestamp: '2023-06-10T07:06:19.660Z'
}
{
  message: 'University management server running port:  5000',
  level: 'info',
  label: 'Uivarsity Management',
  timestamp: '2023-06-10T07:06:19.679Z'
}
{
  message: 'Database connected successfully',
  level: 'info',
  label: 'Uivarsity Management',
  timestamp: '2023-06-10T07:16:13.916Z'
}
{
  message: 'University management server running port:  5000',
  level: 'info',
  label: 'Uivarsity Management',
  timestamp: '2023-06-10T07:16:13.929Z'
}
{
  message: 'Database connected successfully',
  level: 'info',
  label: 'Uivarsity Management',
  timestamp: '2023-06-10T07:33:46.511Z'
}
{
  message: 'University management server running port:  5000',
  level: 'info',
  label: 'Uivarsity Management',
  timestamp: '2023-06-10T07:33:46.535Z'
}
{
  message: 'Database connected successfully',
  level: 'info',
  label: 'Uivarsity Management',
  timestamp: '2023-06-10T07:50:38.609Z'
}
{
  message: 'University management server running port:  5000',
  level: 'info',
  label: 'Uivarsity Management',
  timestamp: '2023-06-10T07:50:38.635Z'
}
{
  message: 'Database connected successfully',
  level: 'info',
  label: 'Uivarsity Management',
  timestamp: '2023-06-10T07:51:02.289Z'
}
{
  message: 'University management server running port:  5000',
  level: 'info',
  label: 'Uivarsity Management',
  timestamp: '2023-06-10T07:51:02.305Z'
}
{
  message: 'Database connected successfully',
  level: 'info',
  label: 'Uivarsity Management',
  timestamp: '2023-06-10T07:53:53.323Z'
}
{
  message: 'University management server running port:  5000',
  level: 'info',
  label: 'Uivarsity Management',
  timestamp: '2023-06-10T07:53:53.342Z'
}
{
  message: 'Database connected successfully',
  level: 'info',
  label: 'Uivarsity Management',
  timestamp: '2023-06-10T07:55:34.558Z'
}
{
  message: 'University management server running port:  5000',
  level: 'info',
  label: 'Uivarsity Management',
  timestamp: '2023-06-10T07:55:34.583Z'
}
{
  message: 'Database connected successfully',
  level: 'info',
  label: 'Uivarsity Management',
  timestamp: '2023-06-10T07:55:58.578Z'
}
{
  message: 'University management server running port:  5000',
  level: 'info',
  label: 'Uivarsity Management',
  timestamp: '2023-06-10T07:55:58.631Z'
}
{
  message: 'Database connected successfully',
  level: 'info',
  label: 'Uivarsity Management',
  timestamp: '2023-06-10T07:59:09.265Z'
}
{
  message: 'University management server running port:  5000',
  level: 'info',
  label: 'Uivarsity Management',
  timestamp: '2023-06-10T07:59:09.287Z'
}
