{
  message: 'Database connected successfully',
  level: 'info',
  label: 'Uivarsity Management',
  timestamp: '2023-06-11T12:30:01.758Z'
}
{
  message: 'University management server running port:  5000',
  level: 'info',
  label: 'Uivarsity Management',
  timestamp: '2023-06-11T12:30:01.775Z'
}
{
  message: 'Database connected successfully',
  level: 'info',
  label: 'Uivarsity Management',
  timestamp: '2023-06-11T12:31:38.729Z'
}
{
  message: 'University management server running port:  5000',
  level: 'info',
  label: 'Uivarsity Management',
  timestamp: '2023-06-11T12:31:38.747Z'
}
{
  message: 'Database connected successfully',
  level: 'info',
  label: 'Uivarsity Management',
  timestamp: '2023-06-11T12:32:22.348Z'
}
{
  message: 'University management server running port:  5000',
  level: 'info',
  label: 'Uivarsity Management',
  timestamp: '2023-06-11T12:32:22.377Z'
}
{
  message: 'Database connected successfully',
  level: 'info',
  label: 'Uivarsity Management',
  timestamp: '2023-06-11T12:34:26.653Z'
}
{
  message: 'University management server running port:  5000',
  level: 'info',
  label: 'Uivarsity Management',
  timestamp: '2023-06-11T12:34:26.670Z'
}
